<?xml version="1.0" encoding="UTF-8"?>
<testsuite xmlns:xsi="http://www.w3.org/2001/XMLSchema-instance" xsi:noNamespaceSchemaLocation="https://maven.apache.org/surefire/maven-surefire-plugin/xsd/surefire-test-report-3.0.xsd" version="3.0" name="com.example.nlwebspringai.mcp.service.PlaywrightMcpServiceTest" time="0.155" tests="4" errors="0" skipped="0" failures="0">
  <properties>
    <property name="java.specification.version" value="21"/>
    <property name="sun.jnu.encoding" value="UTF-8"/>
    <property name="java.class.path" value="/app/nlweb-spring-ai/target/test-classes:/app/nlweb-spring-ai/target/classes:/home/swebot/.m2/repository/org/springframework/boot/spring-boot-starter-web/3.2.4/spring-boot-starter-web-3.2.4.jar:/home/swebot/.m2/repository/org/springframework/boot/spring-boot-starter/3.2.4/spring-boot-starter-3.2.4.jar:/home/swebot/.m2/repository/org/springframework/boot/spring-boot/3.2.4/spring-boot-3.2.4.jar:/home/swebot/.m2/repository/org/springframework/boot/spring-boot-autoconfigure/3.2.4/spring-boot-autoconfigure-3.2.4.jar:/home/swebot/.m2/repository/org/springframework/boot/spring-boot-starter-logging/3.2.4/spring-boot-starter-logging-3.2.4.jar:/home/swebot/.m2/repository/ch/qos/logback/logback-classic/1.4.14/logback-classic-1.4.14.jar:/home/swebot/.m2/repository/ch/qos/logback/logback-core/1.4.14/logback-core-1.4.14.jar:/home/swebot/.m2/repository/org/apache/logging/log4j/log4j-to-slf4j/2.21.1/log4j-to-slf4j-2.21.1.jar:/home/swebot/.m2/repository/org/apache/logging/log4j/log4j-api/2.21.1/log4j-api-2.21.1.jar:/home/swebot/.m2/repository/org/slf4j/jul-to-slf4j/2.0.12/jul-to-slf4j-2.0.12.jar:/home/swebot/.m2/repository/jakarta/annotation/jakarta.annotation-api/2.1.1/jakarta.annotation-api-2.1.1.jar:/home/swebot/.m2/repository/org/yaml/snakeyaml/2.2/snakeyaml-2.2.jar:/home/swebot/.m2/repository/org/springframework/boot/spring-boot-starter-json/3.2.4/spring-boot-starter-json-3.2.4.jar:/home/swebot/.m2/repository/com/fasterxml/jackson/core/jackson-databind/2.15.4/jackson-databind-2.15.4.jar:/home/swebot/.m2/repository/com/fasterxml/jackson/core/jackson-annotations/2.15.4/jackson-annotations-2.15.4.jar:/home/swebot/.m2/repository/com/fasterxml/jackson/datatype/jackson-datatype-jdk8/2.15.4/jackson-datatype-jdk8-2.15.4.jar:/home/swebot/.m2/repository/com/fasterxml/jackson/datatype/jackson-datatype-jsr310/2.15.4/jackson-datatype-jsr310-2.15.4.jar:/home/swebot/.m2/repository/com/fasterxml/jackson/module/jackson-module-parameter-names/2.15.4/jackson-module-parameter-names-2.15.4.jar:/home/swebot/.m2/repository/org/springframework/boot/spring-boot-starter-tomcat/3.2.4/spring-boot-starter-tomcat-3.2.4.jar:/home/swebot/.m2/repository/org/apache/tomcat/embed/tomcat-embed-core/10.1.19/tomcat-embed-core-10.1.19.jar:/home/swebot/.m2/repository/org/apache/tomcat/embed/tomcat-embed-el/10.1.19/tomcat-embed-el-10.1.19.jar:/home/swebot/.m2/repository/org/apache/tomcat/embed/tomcat-embed-websocket/10.1.19/tomcat-embed-websocket-10.1.19.jar:/home/swebot/.m2/repository/org/springframework/spring-web/6.1.5/spring-web-6.1.5.jar:/home/swebot/.m2/repository/org/springframework/spring-beans/6.1.5/spring-beans-6.1.5.jar:/home/swebot/.m2/repository/io/micrometer/micrometer-observation/1.12.4/micrometer-observation-1.12.4.jar:/home/swebot/.m2/repository/io/micrometer/micrometer-commons/1.12.4/micrometer-commons-1.12.4.jar:/home/swebot/.m2/repository/org/springframework/spring-webmvc/6.1.5/spring-webmvc-6.1.5.jar:/home/swebot/.m2/repository/org/springframework/spring-aop/6.1.5/spring-aop-6.1.5.jar:/home/swebot/.m2/repository/org/springframework/spring-context/6.1.5/spring-context-6.1.5.jar:/home/swebot/.m2/repository/org/springframework/spring-expression/6.1.5/spring-expression-6.1.5.jar:/home/swebot/.m2/repository/org/springframework/ai/spring-ai-openai/1.0.0/spring-ai-openai-1.0.0.jar:/home/swebot/.m2/repository/org/springframework/ai/spring-ai-model/1.0.0/spring-ai-model-1.0.0.jar:/home/swebot/.m2/repository/org/springframework/ai/spring-ai-commons/1.0.0/spring-ai-commons-1.0.0.jar:/home/swebot/.m2/repository/io/micrometer/micrometer-core/1.12.4/micrometer-core-1.12.4.jar:/home/swebot/.m2/repository/org/hdrhistogram/HdrHistogram/2.1.12/HdrHistogram-2.1.12.jar:/home/swebot/.m2/repository/org/latencyutils/LatencyUtils/2.0.3/LatencyUtils-2.0.3.jar:/home/swebot/.m2/repository/io/micrometer/context-propagation/1.1.3/context-propagation-1.1.3.jar:/home/swebot/.m2/repository/com/fasterxml/jackson/module/jackson-module-jsonSchema/2.15.4/jackson-module-jsonSchema-2.15.4.jar:/home/swebot/.m2/repository/javax/validation/validation-api/1.1.0.Final/validation-api-1.1.0.Final.jar:/home/swebot/.m2/repository/com/knuddels/jtokkit/1.1.0/jtokkit-1.1.0.jar:/home/swebot/.m2/repository/org/springframework/ai/spring-ai-template-st/1.0.0/spring-ai-template-st-1.0.0.jar:/home/swebot/.m2/repository/org/antlr/ST4/4.3.4/ST4-4.3.4.jar:/home/swebot/.m2/repository/org/antlr/antlr-runtime/3.5.3/antlr-runtime-3.5.3.jar:/home/swebot/.m2/repository/org/springframework/spring-messaging/6.1.5/spring-messaging-6.1.5.jar:/home/swebot/.m2/repository/org/antlr/antlr4-runtime/4.13.1/antlr4-runtime-4.13.1.jar:/home/swebot/.m2/repository/com/github/victools/jsonschema-module-swagger-2/4.37.0/jsonschema-module-swagger-2-4.37.0.jar:/home/swebot/.m2/repository/io/swagger/core/v3/swagger-annotations/2.2.25/swagger-annotations-2.2.25.jar:/home/swebot/.m2/repository/org/springframework/ai/spring-ai-retry/1.0.0/spring-ai-retry-1.0.0.jar:/home/swebot/.m2/repository/org/springframework/retry/spring-retry/2.0.5/spring-retry-2.0.5.jar:/home/swebot/.m2/repository/com/github/victools/jsonschema-generator/4.37.0/jsonschema-generator-4.37.0.jar:/home/swebot/.m2/repository/com/fasterxml/classmate/1.6.0/classmate-1.6.0.jar:/home/swebot/.m2/repository/com/fasterxml/jackson/core/jackson-core/2.15.4/jackson-core-2.15.4.jar:/home/swebot/.m2/repository/com/github/victools/jsonschema-module-jackson/4.37.0/jsonschema-module-jackson-4.37.0.jar:/home/swebot/.m2/repository/org/springframework/spring-context-support/6.1.5/spring-context-support-6.1.5.jar:/home/swebot/.m2/repository/org/slf4j/slf4j-api/2.0.12/slf4j-api-2.0.12.jar:/home/swebot/.m2/repository/org/springframework/boot/spring-boot-starter-webflux/3.2.4/spring-boot-starter-webflux-3.2.4.jar:/home/swebot/.m2/repository/org/springframework/boot/spring-boot-starter-reactor-netty/3.2.4/spring-boot-starter-reactor-netty-3.2.4.jar:/home/swebot/.m2/repository/io/projectreactor/netty/reactor-netty-http/1.1.17/reactor-netty-http-1.1.17.jar:/home/swebot/.m2/repository/io/netty/netty-codec-http/4.1.107.Final/netty-codec-http-4.1.107.Final.jar:/home/swebot/.m2/repository/io/netty/netty-common/4.1.107.Final/netty-common-4.1.107.Final.jar:/home/swebot/.m2/repository/io/netty/netty-buffer/4.1.107.Final/netty-buffer-4.1.107.Final.jar:/home/swebot/.m2/repository/io/netty/netty-transport/4.1.107.Final/netty-transport-4.1.107.Final.jar:/home/swebot/.m2/repository/io/netty/netty-codec/4.1.107.Final/netty-codec-4.1.107.Final.jar:/home/swebot/.m2/repository/io/netty/netty-handler/4.1.107.Final/netty-handler-4.1.107.Final.jar:/home/swebot/.m2/repository/io/netty/netty-codec-http2/4.1.107.Final/netty-codec-http2-4.1.107.Final.jar:/home/swebot/.m2/repository/io/netty/netty-resolver-dns/4.1.107.Final/netty-resolver-dns-4.1.107.Final.jar:/home/swebot/.m2/repository/io/netty/netty-resolver/4.1.107.Final/netty-resolver-4.1.107.Final.jar:/home/swebot/.m2/repository/io/netty/netty-codec-dns/4.1.107.Final/netty-codec-dns-4.1.107.Final.jar:/home/swebot/.m2/repository/io/netty/netty-resolver-dns-native-macos/4.1.107.Final/netty-resolver-dns-native-macos-4.1.107.Final-osx-x86_64.jar:/home/swebot/.m2/repository/io/netty/netty-resolver-dns-classes-macos/4.1.107.Final/netty-resolver-dns-classes-macos-4.1.107.Final.jar:/home/swebot/.m2/repository/io/netty/netty-transport-native-epoll/4.1.107.Final/netty-transport-native-epoll-4.1.107.Final-linux-x86_64.jar:/home/swebot/.m2/repository/io/netty/netty-transport-native-unix-common/4.1.107.Final/netty-transport-native-unix-common-4.1.107.Final.jar:/home/swebot/.m2/repository/io/netty/netty-transport-classes-epoll/4.1.107.Final/netty-transport-classes-epoll-4.1.107.Final.jar:/home/swebot/.m2/repository/io/projectreactor/netty/reactor-netty-core/1.1.17/reactor-netty-core-1.1.17.jar:/home/swebot/.m2/repository/io/netty/netty-handler-proxy/4.1.107.Final/netty-handler-proxy-4.1.107.Final.jar:/home/swebot/.m2/repository/io/netty/netty-codec-socks/4.1.107.Final/netty-codec-socks-4.1.107.Final.jar:/home/swebot/.m2/repository/org/springframework/spring-webflux/6.1.5/spring-webflux-6.1.5.jar:/home/swebot/.m2/repository/org/springframework/boot/spring-boot-starter-test/3.2.4/spring-boot-starter-test-3.2.4.jar:/home/swebot/.m2/repository/org/springframework/boot/spring-boot-test/3.2.4/spring-boot-test-3.2.4.jar:/home/swebot/.m2/repository/org/springframework/boot/spring-boot-test-autoconfigure/3.2.4/spring-boot-test-autoconfigure-3.2.4.jar:/home/swebot/.m2/repository/com/jayway/jsonpath/json-path/2.9.0/json-path-2.9.0.jar:/home/swebot/.m2/repository/jakarta/xml/bind/jakarta.xml.bind-api/4.0.2/jakarta.xml.bind-api-4.0.2.jar:/home/swebot/.m2/repository/jakarta/activation/jakarta.activation-api/2.1.3/jakarta.activation-api-2.1.3.jar:/home/swebot/.m2/repository/net/minidev/json-smart/2.5.0/json-smart-2.5.0.jar:/home/swebot/.m2/repository/net/minidev/accessors-smart/2.5.0/accessors-smart-2.5.0.jar:/home/swebot/.m2/repository/org/ow2/asm/asm/9.3/asm-9.3.jar:/home/swebot/.m2/repository/org/assertj/assertj-core/3.24.2/assertj-core-3.24.2.jar:/home/swebot/.m2/repository/net/bytebuddy/byte-buddy/1.14.12/byte-buddy-1.14.12.jar:/home/swebot/.m2/repository/org/awaitility/awaitility/4.2.0/awaitility-4.2.0.jar:/home/swebot/.m2/repository/org/hamcrest/hamcrest/2.2/hamcrest-2.2.jar:/home/swebot/.m2/repository/org/junit/jupiter/junit-jupiter/5.10.2/junit-jupiter-5.10.2.jar:/home/swebot/.m2/repository/org/junit/jupiter/junit-jupiter-api/5.10.2/junit-jupiter-api-5.10.2.jar:/home/swebot/.m2/repository/org/opentest4j/opentest4j/1.3.0/opentest4j-1.3.0.jar:/home/swebot/.m2/repository/org/junit/platform/junit-platform-commons/1.10.2/junit-platform-commons-1.10.2.jar:/home/swebot/.m2/repository/org/apiguardian/apiguardian-api/1.1.2/apiguardian-api-1.1.2.jar:/home/swebot/.m2/repository/org/junit/jupiter/junit-jupiter-params/5.10.2/junit-jupiter-params-5.10.2.jar:/home/swebot/.m2/repository/org/junit/jupiter/junit-jupiter-engine/5.10.2/junit-jupiter-engine-5.10.2.jar:/home/swebot/.m2/repository/org/junit/platform/junit-platform-engine/1.10.2/junit-platform-engine-1.10.2.jar:/home/swebot/.m2/repository/org/mockito/mockito-core/5.7.0/mockito-core-5.7.0.jar:/home/swebot/.m2/repository/net/bytebuddy/byte-buddy-agent/1.14.12/byte-buddy-agent-1.14.12.jar:/home/swebot/.m2/repository/org/objenesis/objenesis/3.3/objenesis-3.3.jar:/home/swebot/.m2/repository/org/mockito/mockito-junit-jupiter/5.7.0/mockito-junit-jupiter-5.7.0.jar:/home/swebot/.m2/repository/org/skyscreamer/jsonassert/1.5.1/jsonassert-1.5.1.jar:/home/swebot/.m2/repository/com/vaadin/external/google/android-json/0.0.20131108.vaadin1/android-json-0.0.20131108.vaadin1.jar:/home/swebot/.m2/repository/org/springframework/spring-core/6.1.5/spring-core-6.1.5.jar:/home/swebot/.m2/repository/org/springframework/spring-jcl/6.1.5/spring-jcl-6.1.5.jar:/home/swebot/.m2/repository/org/springframework/spring-test/6.1.5/spring-test-6.1.5.jar:/home/swebot/.m2/repository/org/xmlunit/xmlunit-core/2.9.1/xmlunit-core-2.9.1.jar:/home/swebot/.m2/repository/io/projectreactor/reactor-test/3.6.4/reactor-test-3.6.4.jar:/home/swebot/.m2/repository/io/projectreactor/reactor-core/3.6.4/reactor-core-3.6.4.jar:/home/swebot/.m2/repository/org/reactivestreams/reactive-streams/1.0.4/reactive-streams-1.0.4.jar:"/>
    <property name="java.vm.vendor" value="Ubuntu"/>
    <property name="sun.arch.data.model" value="64"/>
    <property name="java.vendor.url" value="https://ubuntu.com/"/>
    <property name="user.timezone" value="Etc/UTC"/>
    <property name="os.name" value="Linux"/>
    <property name="java.vm.specification.version" value="21"/>
    <property name="sun.java.launcher" value="SUN_STANDARD"/>
    <property name="sun.boot.library.path" value="/usr/lib/jvm/java-21-openjdk-amd64/lib"/>
    <property name="sun.java.command" value="/app/nlweb-spring-ai/target/surefire/surefirebooter-20250528005751721_3.jar /app/nlweb-spring-ai/target/surefire 2025-05-28T00-57-51_635-jvmRun1 surefire-20250528005751721_1tmp surefire_0-20250528005751721_2tmp"/>
    <property name="jdk.debug" value="release"/>
    <property name="surefire.test.class.path" value="/app/nlweb-spring-ai/target/test-classes:/app/nlweb-spring-ai/target/classes:/home/swebot/.m2/repository/org/springframework/boot/spring-boot-starter-web/3.2.4/spring-boot-starter-web-3.2.4.jar:/home/swebot/.m2/repository/org/springframework/boot/spring-boot-starter/3.2.4/spring-boot-starter-3.2.4.jar:/home/swebot/.m2/repository/org/springframework/boot/spring-boot/3.2.4/spring-boot-3.2.4.jar:/home/swebot/.m2/repository/org/springframework/boot/spring-boot-autoconfigure/3.2.4/spring-boot-autoconfigure-3.2.4.jar:/home/swebot/.m2/repository/org/springframework/boot/spring-boot-starter-logging/3.2.4/spring-boot-starter-logging-3.2.4.jar:/home/swebot/.m2/repository/ch/qos/logback/logback-classic/1.4.14/logback-classic-1.4.14.jar:/home/swebot/.m2/repository/ch/qos/logback/logback-core/1.4.14/logback-core-1.4.14.jar:/home/swebot/.m2/repository/org/apache/logging/log4j/log4j-to-slf4j/2.21.1/log4j-to-slf4j-2.21.1.jar:/home/swebot/.m2/repository/org/apache/logging/log4j/log4j-api/2.21.1/log4j-api-2.21.1.jar:/home/swebot/.m2/repository/org/slf4j/jul-to-slf4j/2.0.12/jul-to-slf4j-2.0.12.jar:/home/swebot/.m2/repository/jakarta/annotation/jakarta.annotation-api/2.1.1/jakarta.annotation-api-2.1.1.jar:/home/swebot/.m2/repository/org/yaml/snakeyaml/2.2/snakeyaml-2.2.jar:/home/swebot/.m2/repository/org/springframework/boot/spring-boot-starter-json/3.2.4/spring-boot-starter-json-3.2.4.jar:/home/swebot/.m2/repository/com/fasterxml/jackson/core/jackson-databind/2.15.4/jackson-databind-2.15.4.jar:/home/swebot/.m2/repository/com/fasterxml/jackson/core/jackson-annotations/2.15.4/jackson-annotations-2.15.4.jar:/home/swebot/.m2/repository/com/fasterxml/jackson/datatype/jackson-datatype-jdk8/2.15.4/jackson-datatype-jdk8-2.15.4.jar:/home/swebot/.m2/repository/com/fasterxml/jackson/datatype/jackson-datatype-jsr310/2.15.4/jackson-datatype-jsr310-2.15.4.jar:/home/swebot/.m2/repository/com/fasterxml/jackson/module/jackson-module-parameter-names/2.15.4/jackson-module-parameter-names-2.15.4.jar:/home/swebot/.m2/repository/org/springframework/boot/spring-boot-starter-tomcat/3.2.4/spring-boot-starter-tomcat-3.2.4.jar:/home/swebot/.m2/repository/org/apache/tomcat/embed/tomcat-embed-core/10.1.19/tomcat-embed-core-10.1.19.jar:/home/swebot/.m2/repository/org/apache/tomcat/embed/tomcat-embed-el/10.1.19/tomcat-embed-el-10.1.19.jar:/home/swebot/.m2/repository/org/apache/tomcat/embed/tomcat-embed-websocket/10.1.19/tomcat-embed-websocket-10.1.19.jar:/home/swebot/.m2/repository/org/springframework/spring-web/6.1.5/spring-web-6.1.5.jar:/home/swebot/.m2/repository/org/springframework/spring-beans/6.1.5/spring-beans-6.1.5.jar:/home/swebot/.m2/repository/io/micrometer/micrometer-observation/1.12.4/micrometer-observation-1.12.4.jar:/home/swebot/.m2/repository/io/micrometer/micrometer-commons/1.12.4/micrometer-commons-1.12.4.jar:/home/swebot/.m2/repository/org/springframework/spring-webmvc/6.1.5/spring-webmvc-6.1.5.jar:/home/swebot/.m2/repository/org/springframework/spring-aop/6.1.5/spring-aop-6.1.5.jar:/home/swebot/.m2/repository/org/springframework/spring-context/6.1.5/spring-context-6.1.5.jar:/home/swebot/.m2/repository/org/springframework/spring-expression/6.1.5/spring-expression-6.1.5.jar:/home/swebot/.m2/repository/org/springframework/ai/spring-ai-openai/1.0.0/spring-ai-openai-1.0.0.jar:/home/swebot/.m2/repository/org/springframework/ai/spring-ai-model/1.0.0/spring-ai-model-1.0.0.jar:/home/swebot/.m2/repository/org/springframework/ai/spring-ai-commons/1.0.0/spring-ai-commons-1.0.0.jar:/home/swebot/.m2/repository/io/micrometer/micrometer-core/1.12.4/micrometer-core-1.12.4.jar:/home/swebot/.m2/repository/org/hdrhistogram/HdrHistogram/2.1.12/HdrHistogram-2.1.12.jar:/home/swebot/.m2/repository/org/latencyutils/LatencyUtils/2.0.3/LatencyUtils-2.0.3.jar:/home/swebot/.m2/repository/io/micrometer/context-propagation/1.1.3/context-propagation-1.1.3.jar:/home/swebot/.m2/repository/com/fasterxml/jackson/module/jackson-module-jsonSchema/2.15.4/jackson-module-jsonSchema-2.15.4.jar:/home/swebot/.m2/repository/javax/validation/validation-api/1.1.0.Final/validation-api-1.1.0.Final.jar:/home/swebot/.m2/repository/com/knuddels/jtokkit/1.1.0/jtokkit-1.1.0.jar:/home/swebot/.m2/repository/org/springframework/ai/spring-ai-template-st/1.0.0/spring-ai-template-st-1.0.0.jar:/home/swebot/.m2/repository/org/antlr/ST4/4.3.4/ST4-4.3.4.jar:/home/swebot/.m2/repository/org/antlr/antlr-runtime/3.5.3/antlr-runtime-3.5.3.jar:/home/swebot/.m2/repository/org/springframework/spring-messaging/6.1.5/spring-messaging-6.1.5.jar:/home/swebot/.m2/repository/org/antlr/antlr4-runtime/4.13.1/antlr4-runtime-4.13.1.jar:/home/swebot/.m2/repository/com/github/victools/jsonschema-module-swagger-2/4.37.0/jsonschema-module-swagger-2-4.37.0.jar:/home/swebot/.m2/repository/io/swagger/core/v3/swagger-annotations/2.2.25/swagger-annotations-2.2.25.jar:/home/swebot/.m2/repository/org/springframework/ai/spring-ai-retry/1.0.0/spring-ai-retry-1.0.0.jar:/home/swebot/.m2/repository/org/springframework/retry/spring-retry/2.0.5/spring-retry-2.0.5.jar:/home/swebot/.m2/repository/com/github/victools/jsonschema-generator/4.37.0/jsonschema-generator-4.37.0.jar:/home/swebot/.m2/repository/com/fasterxml/classmate/1.6.0/classmate-1.6.0.jar:/home/swebot/.m2/repository/com/fasterxml/jackson/core/jackson-core/2.15.4/jackson-core-2.15.4.jar:/home/swebot/.m2/repository/com/github/victools/jsonschema-module-jackson/4.37.0/jsonschema-module-jackson-4.37.0.jar:/home/swebot/.m2/repository/org/springframework/spring-context-support/6.1.5/spring-context-support-6.1.5.jar:/home/swebot/.m2/repository/org/slf4j/slf4j-api/2.0.12/slf4j-api-2.0.12.jar:/home/swebot/.m2/repository/org/springframework/boot/spring-boot-starter-webflux/3.2.4/spring-boot-starter-webflux-3.2.4.jar:/home/swebot/.m2/repository/org/springframework/boot/spring-boot-starter-reactor-netty/3.2.4/spring-boot-starter-reactor-netty-3.2.4.jar:/home/swebot/.m2/repository/io/projectreactor/netty/reactor-netty-http/1.1.17/reactor-netty-http-1.1.17.jar:/home/swebot/.m2/repository/io/netty/netty-codec-http/4.1.107.Final/netty-codec-http-4.1.107.Final.jar:/home/swebot/.m2/repository/io/netty/netty-common/4.1.107.Final/netty-common-4.1.107.Final.jar:/home/swebot/.m2/repository/io/netty/netty-buffer/4.1.107.Final/netty-buffer-4.1.107.Final.jar:/home/swebot/.m2/repository/io/netty/netty-transport/4.1.107.Final/netty-transport-4.1.107.Final.jar:/home/swebot/.m2/repository/io/netty/netty-codec/4.1.107.Final/netty-codec-4.1.107.Final.jar:/home/swebot/.m2/repository/io/netty/netty-handler/4.1.107.Final/netty-handler-4.1.107.Final.jar:/home/swebot/.m2/repository/io/netty/netty-codec-http2/4.1.107.Final/netty-codec-http2-4.1.107.Final.jar:/home/swebot/.m2/repository/io/netty/netty-resolver-dns/4.1.107.Final/netty-resolver-dns-4.1.107.Final.jar:/home/swebot/.m2/repository/io/netty/netty-resolver/4.1.107.Final/netty-resolver-4.1.107.Final.jar:/home/swebot/.m2/repository/io/netty/netty-codec-dns/4.1.107.Final/netty-codec-dns-4.1.107.Final.jar:/home/swebot/.m2/repository/io/netty/netty-resolver-dns-native-macos/4.1.107.Final/netty-resolver-dns-native-macos-4.1.107.Final-osx-x86_64.jar:/home/swebot/.m2/repository/io/netty/netty-resolver-dns-classes-macos/4.1.107.Final/netty-resolver-dns-classes-macos-4.1.107.Final.jar:/home/swebot/.m2/repository/io/netty/netty-transport-native-epoll/4.1.107.Final/netty-transport-native-epoll-4.1.107.Final-linux-x86_64.jar:/home/swebot/.m2/repository/io/netty/netty-transport-native-unix-common/4.1.107.Final/netty-transport-native-unix-common-4.1.107.Final.jar:/home/swebot/.m2/repository/io/netty/netty-transport-classes-epoll/4.1.107.Final/netty-transport-classes-epoll-4.1.107.Final.jar:/home/swebot/.m2/repository/io/projectreactor/netty/reactor-netty-core/1.1.17/reactor-netty-core-1.1.17.jar:/home/swebot/.m2/repository/io/netty/netty-handler-proxy/4.1.107.Final/netty-handler-proxy-4.1.107.Final.jar:/home/swebot/.m2/repository/io/netty/netty-codec-socks/4.1.107.Final/netty-codec-socks-4.1.107.Final.jar:/home/swebot/.m2/repository/org/springframework/spring-webflux/6.1.5/spring-webflux-6.1.5.jar:/home/swebot/.m2/repository/org/springframework/boot/spring-boot-starter-test/3.2.4/spring-boot-starter-test-3.2.4.jar:/home/swebot/.m2/repository/org/springframework/boot/spring-boot-test/3.2.4/spring-boot-test-3.2.4.jar:/home/swebot/.m2/repository/org/springframework/boot/spring-boot-test-autoconfigure/3.2.4/spring-boot-test-autoconfigure-3.2.4.jar:/home/swebot/.m2/repository/com/jayway/jsonpath/json-path/2.9.0/json-path-2.9.0.jar:/home/swebot/.m2/repository/jakarta/xml/bind/jakarta.xml.bind-api/4.0.2/jakarta.xml.bind-api-4.0.2.jar:/home/swebot/.m2/repository/jakarta/activation/jakarta.activation-api/2.1.3/jakarta.activation-api-2.1.3.jar:/home/swebot/.m2/repository/net/minidev/json-smart/2.5.0/json-smart-2.5.0.jar:/home/swebot/.m2/repository/net/minidev/accessors-smart/2.5.0/accessors-smart-2.5.0.jar:/home/swebot/.m2/repository/org/ow2/asm/asm/9.3/asm-9.3.jar:/home/swebot/.m2/repository/org/assertj/assertj-core/3.24.2/assertj-core-3.24.2.jar:/home/swebot/.m2/repository/net/bytebuddy/byte-buddy/1.14.12/byte-buddy-1.14.12.jar:/home/swebot/.m2/repository/org/awaitility/awaitility/4.2.0/awaitility-4.2.0.jar:/home/swebot/.m2/repository/org/hamcrest/hamcrest/2.2/hamcrest-2.2.jar:/home/swebot/.m2/repository/org/junit/jupiter/junit-jupiter/5.10.2/junit-jupiter-5.10.2.jar:/home/swebot/.m2/repository/org/junit/jupiter/junit-jupiter-api/5.10.2/junit-jupiter-api-5.10.2.jar:/home/swebot/.m2/repository/org/opentest4j/opentest4j/1.3.0/opentest4j-1.3.0.jar:/home/swebot/.m2/repository/org/junit/platform/junit-platform-commons/1.10.2/junit-platform-commons-1.10.2.jar:/home/swebot/.m2/repository/org/apiguardian/apiguardian-api/1.1.2/apiguardian-api-1.1.2.jar:/home/swebot/.m2/repository/org/junit/jupiter/junit-jupiter-params/5.10.2/junit-jupiter-params-5.10.2.jar:/home/swebot/.m2/repository/org/junit/jupiter/junit-jupiter-engine/5.10.2/junit-jupiter-engine-5.10.2.jar:/home/swebot/.m2/repository/org/junit/platform/junit-platform-engine/1.10.2/junit-platform-engine-1.10.2.jar:/home/swebot/.m2/repository/org/mockito/mockito-core/5.7.0/mockito-core-5.7.0.jar:/home/swebot/.m2/repository/net/bytebuddy/byte-buddy-agent/1.14.12/byte-buddy-agent-1.14.12.jar:/home/swebot/.m2/repository/org/objenesis/objenesis/3.3/objenesis-3.3.jar:/home/swebot/.m2/repository/org/mockito/mockito-junit-jupiter/5.7.0/mockito-junit-jupiter-5.7.0.jar:/home/swebot/.m2/repository/org/skyscreamer/jsonassert/1.5.1/jsonassert-1.5.1.jar:/home/swebot/.m2/repository/com/vaadin/external/google/android-json/0.0.20131108.vaadin1/android-json-0.0.20131108.vaadin1.jar:/home/swebot/.m2/repository/org/springframework/spring-core/6.1.5/spring-core-6.1.5.jar:/home/swebot/.m2/repository/org/springframework/spring-jcl/6.1.5/spring-jcl-6.1.5.jar:/home/swebot/.m2/repository/org/springframework/spring-test/6.1.5/spring-test-6.1.5.jar:/home/swebot/.m2/repository/org/xmlunit/xmlunit-core/2.9.1/xmlunit-core-2.9.1.jar:/home/swebot/.m2/repository/io/projectreactor/reactor-test/3.6.4/reactor-test-3.6.4.jar:/home/swebot/.m2/repository/io/projectreactor/reactor-core/3.6.4/reactor-core-3.6.4.jar:/home/swebot/.m2/repository/org/reactivestreams/reactive-streams/1.0.4/reactive-streams-1.0.4.jar:"/>
    <property name="sun.cpu.endian" value="little"/>
    <property name="user.home" value="/home/swebot"/>
    <property name="user.language" value="en"/>
    <property name="java.specification.vendor" value="Oracle Corporation"/>
    <property name="java.version.date" value="2025-04-15"/>
    <property name="java.home" value="/usr/lib/jvm/java-21-openjdk-amd64"/>
    <property name="file.separator" value="/"/>
    <property name="basedir" value="/app/nlweb-spring-ai"/>
    <property name="java.vm.compressedOopsMode" value="32-bit"/>
    <property name="line.separator" value="&#10;"/>
    <property name="java.specification.name" value="Java Platform API Specification"/>
    <property name="java.vm.specification.vendor" value="Oracle Corporation"/>
    <property name="FILE_LOG_CHARSET" value="UTF-8"/>
    <property name="java.awt.headless" value="true"/>
    <property name="surefire.real.class.path" value="/app/nlweb-spring-ai/target/surefire/surefirebooter-20250528005751721_3.jar"/>
    <property name="sun.management.compiler" value="HotSpot 64-Bit Tiered Compilers"/>
    <property name="java.runtime.version" value="21.0.7+6-Ubuntu-0ubuntu124.04"/>
    <property name="user.name" value="jules"/>
    <property name="stdout.encoding" value="UTF-8"/>
    <property name="path.separator" value=":"/>
    <property name="os.version" value="6.8.0"/>
    <property name="java.runtime.name" value="OpenJDK Runtime Environment"/>
    <property name="file.encoding" value="UTF-8"/>
    <property name="java.vm.name" value="OpenJDK 64-Bit Server VM"/>
    <property name="localRepository" value="/home/swebot/.m2/repository"/>
    <property name="java.vendor.url.bug" value="https://bugs.launchpad.net/ubuntu/+source/openjdk-21"/>
    <property name="java.io.tmpdir" value="/tmp"/>
    <property name="java.version" value="21.0.7"/>
    <property name="user.dir" value="/app/nlweb-spring-ai"/>
    <property name="os.arch" value="amd64"/>
    <property name="java.vm.specification.name" value="Java Virtual Machine Specification"/>
    <property name="PID" value="8043"/>
    <property name="CONSOLE_LOG_CHARSET" value="UTF-8"/>
    <property name="native.encoding" value="UTF-8"/>
    <property name="java.library.path" value="/usr/java/packages/lib:/usr/lib/x86_64-linux-gnu/jni:/lib/x86_64-linux-gnu:/usr/lib/x86_64-linux-gnu:/usr/lib/jni:/lib:/usr/lib"/>
    <property name="stderr.encoding" value="UTF-8"/>
    <property name="java.vm.info" value="mixed mode, sharing"/>
    <property name="java.vendor" value="Ubuntu"/>
    <property name="java.vm.version" value="21.0.7+6-Ubuntu-0ubuntu124.04"/>
    <property name="sun.io.unicode.encoding" value="UnicodeLittle"/>
    <property name="java.class.version" value="65.0"/>
  </properties>
  <testcase name="typeInElement_shouldCallClientWithTypeRequest" classname="com.example.nlwebspringai.mcp.service.PlaywrightMcpServiceTest" time="0.135">
    <system-out><![CDATA[2025-05-28T00:57:56.083Z  INFO 8043 --- [           main] c.e.n.mcp.service.PlaywrightMcpService   : Service: Typing in element with ref: inputField456 (Description: Username input, Text: testuser, Submit: false)
2025-05-28T00:57:56.087Z  INFO 8043 --- [           main] c.e.n.mcp.service.PlaywrightMcpService   : Service: TypeInElement command stream completed for ref: inputField456
]]></system-out>
  </testcase>
  <testcase name="navigate_shouldCallClientWithNavigateRequest" classname="com.example.nlwebspringai.mcp.service.PlaywrightMcpServiceTest" time="0.004">
    <system-out><![CDATA[2025-05-28T00:57:56.100Z  INFO 8043 --- [           main] c.e.n.mcp.service.PlaywrightMcpService   : Service: Navigating to URL: http://example.com
2025-05-28T00:57:56.101Z  INFO 8043 --- [           main] c.e.n.mcp.service.PlaywrightMcpService   : Service: Navigate command stream completed for URL: http://example.com
]]></system-out>
  </testcase>
  <testcase name="takeSnapshot_shouldCallClientWithSnapshotRequest" classname="com.example.nlwebspringai.mcp.service.PlaywrightMcpServiceTest" time="0.004">
    <system-out><![CDATA[2025-05-28T00:57:56.105Z  INFO 8043 --- [           main] c.e.n.mcp.service.PlaywrightMcpService   : Service: Taking snapshot
2025-05-28T00:57:56.106Z  INFO 8043 --- [           main] c.e.n.mcp.service.PlaywrightMcpService   : Service: TakeSnapshot command stream completed
]]></system-out>
  </testcase>
  <testcase name="clickElement_shouldCallClientWithClickRequest" classname="com.example.nlwebspringai.mcp.service.PlaywrightMcpServiceTest" time="0.005">
    <system-out><![CDATA[2025-05-28T00:57:56.110Z  INFO 8043 --- [           main] c.e.n.mcp.service.PlaywrightMcpService   : Service: Clicking element with ref: element123 (Description: Login button)
2025-05-28T00:57:56.111Z  INFO 8043 --- [           main] c.e.n.mcp.service.PlaywrightMcpService   : Service: ClickElement command stream completed for ref: element123
]]></system-out>
  </testcase>
</testsuite>